TN:
SF:src\services\dateFormatter.js
FN:2,getShortDateAndTime
FN:11,getLongDate
FNF:2
FNH:2
FNDA:1,getShortDateAndTime
FNDA:1,getLongDate
DA:1,1
DA:2,1
DA:3,1
DA:4,1
DA:5,1
DA:6,1
DA:7,1
DA:8,1
DA:9,1
DA:10,1
DA:11,1
DA:12,1
DA:13,1
DA:14,1
DA:15,1
DA:16,1
DA:17,1
DA:18,1
DA:19,1
LF:19
LH:19
BRDA:2,0,0,1
BRDA:11,1,0,1
BRF:2
BRH:2
end_of_record
TN:
SF:src\services\locationService.js
FN:3,getCurrentPosition
FNF:1
FNH:1
FNDA:2,getCurrentPosition
DA:1,1
DA:2,1
DA:3,1
DA:4,2
DA:5,2
DA:6,2
DA:7,2
DA:8,1
LF:8
LH:8
BRDA:3,0,0,2
BRDA:4,1,0,2
BRF:2
BRH:2
end_of_record
TN:
SF:src\services\storageService.js
FN:4,getHistory
FN:8,addItemHistory
FN:28,clearHistory
FNF:3
FNH:3
FNDA:8,getHistory
FNDA:4,addItemHistory
FNDA:1,clearHistory
DA:1,1
DA:2,1
DA:3,1
DA:4,1
DA:5,8
DA:6,8
DA:7,1
DA:8,1
DA:9,4
DA:10,4
DA:11,4
DA:12,4
DA:13,4
DA:14,4
DA:15,4
DA:16,4
DA:17,4
DA:18,4
DA:19,4
DA:20,4
DA:21,4
DA:22,4
DA:23,4
DA:24,4
DA:25,4
DA:26,4
DA:27,1
DA:28,1
DA:29,1
DA:30,1
DA:31,1
LF:31
LH:31
BRDA:4,0,0,8
BRDA:5,1,0,4
BRDA:8,2,0,4
BRDA:20,3,0,12
BRDA:28,4,0,1
BRF:5
BRH:5
end_of_record
TN:
SF:src\services\weatherService.js
FN:3,<instance_members_initializer>
FN:5,getWeatherByCityName
FN:12,getWeatherByGeolocation
FNF:3
FNH:3
FNDA:2,<instance_members_initializer>
FNDA:1,getWeatherByCityName
FNDA:1,getWeatherByGeolocation
DA:1,1
DA:2,1
DA:3,1
DA:4,1
DA:5,1
DA:6,1
DA:7,1
DA:8,1
DA:9,1
DA:10,1
DA:11,1
DA:12,1
DA:13,1
DA:14,1
DA:15,1
DA:16,1
DA:17,1
DA:18,1
DA:19,1
DA:20,1
DA:21,1
DA:22,1
DA:23,1
DA:24,1
DA:25,1
DA:26,1
DA:27,1
DA:28,1
DA:29,1
LF:29
LH:29
BRDA:3,0,0,2
BRDA:5,1,0,1
BRDA:12,2,0,1
BRF:3
BRH:3
end_of_record
TN:
SF:src\view\weatherView.js
FN:4,WeatherView
FN:14,renderWeather
FN:35,renderMap
FN:42,renderHistory
FN:57,clearHistory
FN:61,updateLastUpdated
FNF:6
FNH:6
FNDA:5,WeatherView
FNDA:1,renderWeather
FNDA:1,renderMap
FNDA:1,renderHistory
FNDA:1,clearHistory
FNDA:4,updateLastUpdated
DA:1,1
DA:2,1
DA:3,1
DA:4,1
DA:5,5
DA:6,5
DA:7,5
DA:8,5
DA:9,5
DA:10,5
DA:11,5
DA:12,5
DA:13,1
DA:14,1
DA:15,1
DA:16,1
DA:17,1
DA:18,1
DA:19,1
DA:20,1
DA:21,1
DA:22,1
DA:23,1
DA:24,1
DA:25,1
DA:26,1
DA:27,1
DA:28,1
DA:29,1
DA:30,1
DA:31,1
DA:32,1
DA:33,1
DA:34,1
DA:35,1
DA:36,1
DA:37,1
DA:38,1
DA:39,1
DA:40,1
DA:41,1
DA:42,1
DA:43,1
DA:44,1
DA:45,1
DA:46,1
DA:47,1
DA:48,1
DA:49,1
DA:50,1
DA:51,1
DA:52,1
DA:53,1
DA:54,1
DA:55,1
DA:56,1
DA:57,1
DA:58,1
DA:59,1
DA:60,1
DA:61,1
DA:62,4
DA:63,4
DA:64,4
DA:65,4
DA:66,2
DA:67,2
DA:68,1
DA:69,1
DA:70,1
DA:71,1
DA:72,4
DA:73,1
LF:73
LH:73
BRDA:4,0,0,5
BRDA:14,1,0,1
BRDA:35,2,0,1
BRDA:42,3,0,1
BRDA:45,4,0,1
BRDA:57,5,0,1
BRDA:61,6,0,4
BRDA:65,7,0,2
BRDA:67,8,0,1
BRF:9
BRH:9
end_of_record
